# JRE version: Java(TM) SE Runtime Environment (19.0.2+7) (build 19.0.2+7-44)
# Java VM: Java HotSpot(TM) 64-Bit Server VM (19.0.2+7-44, mixed mode, sharing, tiered, compressed oops, compressed class ptrs, g1 gc, windows-amd64)
GC Precious Log:
 CardTable entry size: 512
 Card Set container configuration: InlinePtr #cards 5 size 8 Array Of Cards #cards 12 size 40 Howl #buckets 4 coarsen threshold 1843 Howl Bitmap #cards 512 size 80 coarsen threshold 460 Card regions per heap region 1 cards per card region 2048
 CPUs: 4 total, 4 available
 Memory: 8191M
 Large Page Support: Disabled
 NUMA Support: Disabled
 Compressed Oops: Enabled (32-bit)
 Heap Region Size: 1M
 Heap Min Capacity: 8M
 Heap Initial Capacity: 128M
 Heap Max Capacity: 2G
 Pre-touch: Disabled
 Parallel Workers: 4
 Concurrent Workers: 1
 Concurrent Refinement Workers: 4
 Periodic GC: Disabled
Heap:
 garbage-first heap   total 273408K, used 61440K [0x0000000080000000, 0x0000000100000000)
  region size 1024K, 3 young (3072K), 3 survivors (3072K)
 Metaspace       used 60129K, committed 60928K, reserved 1114112K
  class space    used 7859K, committed 8256K, reserved 1048576K
GC Heap History (20 events):
Event: 14.206 GC heap before
{Heap before GC invocations=14 (full 0):
 garbage-first heap   total 48128K, used 35789K [0x0000000080000000, 0x0000000100000000)
  region size 1024K, 18 young (18432K), 2 survivors (2048K)
 Metaspace       used 50142K, committed 50752K, reserved 1114112K
  class space    used 6611K, committed 6912K, reserved 1048576K
}
Event: 14.210 GC heap after
{Heap after GC invocations=15 (full 0):
 garbage-first heap   total 48128K, used 21123K [0x0000000080000000, 0x0000000100000000)
  region size 1024K, 2 young (2048K), 2 survivors (2048K)
 Metaspace       used 50142K, committed 50752K, reserved 1114112K
  class space    used 6611K, committed 6912K, reserved 1048576K
}
Event: 14.866 GC heap before
{Heap before GC invocations=15 (full 0):
 garbage-first heap   total 48128K, used 38531K [0x0000000080000000, 0x0000000100000000)
  region size 1024K, 19 young (19456K), 2 survivors (2048K)
 Metaspace       used 53719K, committed 54336K, reserved 1114112K
  class space    used 7064K, committed 7360K, reserved 1048576K
}
Event: 14.874 GC heap after
{Heap after GC invocations=16 (full 0):
 garbage-first heap   total 48128K, used 22722K [0x0000000080000000, 0x0000000100000000)
  region size 1024K, 3 young (3072K), 3 survivors (3072K)
 Metaspace       used 53719K, committed 54336K, reserved 1114112K
  class space    used 7064K, committed 7360K, reserved 1048576K
}
Event: 15.336 GC heap before
{Heap before GC invocations=16 (full 0):
 garbage-first heap   total 48128K, used 38082K [0x0000000080000000, 0x0000000100000000)
  region size 1024K, 18 young (18432K), 3 survivors (3072K)
 Metaspace       used 55303K, committed 55872K, reserved 1114112K
  class space    used 7267K, committed 7552K, reserved 1048576K
}
Event: 15.343 GC heap after
{Heap after GC invocations=17 (full 0):
 garbage-first heap   total 88064K, used 23960K [0x0000000080000000, 0x0000000100000000)
  region size 1024K, 2 young (2048K), 2 survivors (2048K)
 Metaspace       used 55303K, committed 55872K, reserved 1114112K
  class space    used 7267K, committed 7552K, reserved 1048576K
}
Event: 16.354 GC heap before
{Heap before GC invocations=17 (full 0):
 garbage-first heap   total 88064K, used 69016K [0x0000000080000000, 0x0000000100000000)
  region size 1024K, 46 young (47104K), 2 survivors (2048K)
 Metaspace       used 58079K, committed 58688K, reserved 1114112K
  class space    used 7581K, committed 7872K, reserved 1048576K
}
Event: 16.368 GC heap after
{Heap after GC invocations=18 (full 0):
 garbage-first heap   total 88064K, used 31744K [0x0000000080000000, 0x0000000100000000)
  region size 1024K, 6 young (6144K), 6 survivors (6144K)
 Metaspace       used 58079K, committed 58688K, reserved 1114112K
  class space    used 7581K, committed 7872K, reserved 1048576K
}
Event: 16.715 GC heap before
{Heap before GC invocations=18 (full 0):
 garbage-first heap   total 88064K, used 67584K [0x0000000080000000, 0x0000000100000000)
  region size 1024K, 41 young (41984K), 6 survivors (6144K)
 Metaspace       used 58285K, committed 58880K, reserved 1114112K
  class space    used 7593K, committed 7872K, reserved 1048576K
}
Event: 16.732 GC heap after
{Heap after GC invocations=19 (full 0):
 garbage-first heap   total 88064K, used 40437K [0x0000000080000000, 0x0000000100000000)
  region size 1024K, 6 young (6144K), 6 survivors (6144K)
 Metaspace       used 58285K, committed 58880K, reserved 1114112K
  class space    used 7593K, committed 7872K, reserved 1048576K
}
Event: 17.179 GC heap before
{Heap before GC invocations=19 (full 0):
 garbage-first heap   total 88064K, used 67061K [0x0000000080000000, 0x0000000100000000)
  region size 1024K, 32 young (32768K), 6 survivors (6144K)
 Metaspace       used 58373K, committed 59008K, reserved 1114112K
  class space    used 7599K, committed 7872K, reserved 1048576K
}
Event: 17.194 GC heap after
{Heap after GC invocations=20 (full 0):
 garbage-first heap   total 88064K, used 49152K [0x0000000080000000, 0x0000000100000000)
  region size 1024K, 4 young (4096K), 4 survivors (4096K)
 Metaspace       used 58373K, committed 59008K, reserved 1114112K
  class space    used 7599K, committed 7872K, reserved 1048576K
}
Event: 17.395 GC heap before
{Heap before GC invocations=20 (full 0):
 garbage-first heap   total 88064K, used 67584K [0x0000000080000000, 0x0000000100000000)
  region size 1024K, 23 young (23552K), 4 survivors (4096K)
 Metaspace       used 58419K, committed 59072K, reserved 1114112K
  class space    used 7599K, committed 7872K, reserved 1048576K
}
Event: 17.407 GC heap after
{Heap after GC invocations=21 (full 0):
 garbage-first heap   total 108544K, used 55113K [0x0000000080000000, 0x0000000100000000)
  region size 1024K, 3 young (3072K), 3 survivors (3072K)
 Metaspace       used 58419K, committed 59072K, reserved 1114112K
  class space    used 7599K, committed 7872K, reserved 1048576K
}
Event: 17.797 GC heap before
{Heap before GC invocations=22 (full 0):
 garbage-first heap   total 108544K, used 81737K [0x0000000080000000, 0x0000000100000000)
  region size 1024K, 28 young (28672K), 3 survivors (3072K)
 Metaspace       used 58423K, committed 59072K, reserved 1114112K
  class space    used 7599K, committed 7872K, reserved 1048576K
}
Event: 17.809 GC heap after
{Heap after GC invocations=23 (full 0):
 garbage-first heap   total 108544K, used 61440K [0x0000000080000000, 0x0000000100000000)
  region size 1024K, 4 young (4096K), 4 survivors (4096K)
 Metaspace       used 58423K, committed 59072K, reserved 1114112K
  class space    used 7599K, committed 7872K, reserved 1048576K
}
Event: 17.814 GC heap before
{Heap before GC invocations=23 (full 0):
 garbage-first heap   total 108544K, used 62464K [0x0000000080000000, 0x0000000100000000)
  region size 1024K, 5 young (5120K), 4 survivors (4096K)
 Metaspace       used 58423K, committed 59072K, reserved 1114112K
  class space    used 7599K, committed 7872K, reserved 1048576K
}
Event: 17.820 GC heap after
{Heap after GC invocations=24 (full 0):
 garbage-first heap   total 108544K, used 57793K [0x0000000080000000, 0x0000000100000000)
  region size 1024K, 1 young (1024K), 1 survivors (1024K)
 Metaspace       used 58423K, committed 59072K, reserved 1114112K
  class space    used 7599K, committed 7872K, reserved 1048576K
}
Event: 32.474 GC heap before
{Heap before GC invocations=24 (full 0):
 garbage-first heap   total 108544K, used 75201K [0x0000000080000000, 0x0000000100000000)
  region size 1024K, 20 young (20480K), 1 survivors (1024K)
 Metaspace       used 60129K, committed 60928K, reserved 1114112K
  class space    used 7859K, committed 8256K, reserved 1048576K
}
Event: 32.482 GC heap after
{Heap after GC invocations=25 (full 0):
 garbage-first heap   total 108544K, used 61440K [0x0000000080000000, 0x0000000100000000)
  region size 1024K, 3 young (3072K), 3 survivors (3072K)
 Metaspace       used 60129K, committed 60928K, reserved 1114112K
  class space    used 7859K, committed 8256K, reserved 1048576K
}

